<?xml version="1.0" encoding="UTF-8"?>
<!-- Generated by org.testng.reporters.JUnitXMLReporter -->
<testsuite ignored="0" hostname="Ritiks-Mac-mini.local" failures="1" tests="2" name="Test" time="41.512" errors="0" timestamp="2025-08-01T16:09:05 IST">
  <testcase classname="Booking.BookingCode.BookFlightScriptUsingWaits" name="TicketBooking" time="21.989"/>
  <testcase classname="Booking.BookingCode.BookFlightScriptUsingWaits" name="ErrorValidation" time="19.224">
    <failure type="org.openqa.selenium.NoSuchElementException" message="Cannot locate option with index: 5
For documentation on this error, please visit: https://www.selenium.dev/documentation/webdriver/troubleshooting/errors#no-such-element-exception
Build info: version: &amp;apos;4.33.0&amp;apos;, revision: &amp;apos;2c6aaad03a&amp;apos;
System info: os.name: &amp;apos;Mac OS X&amp;apos;, os.arch: &amp;apos;x86_64&amp;apos;, os.version: &amp;apos;15.5&amp;apos;, java.version: &amp;apos;21.0.7&amp;apos;
Driver info: driver.version: unknown">
      <![CDATA[org.openqa.selenium.NoSuchElementException: Cannot locate option with index: 5
For documentation on this error, please visit: https://www.selenium.dev/documentation/webdriver/troubleshooting/errors#no-such-element-exception
Build info: version: '4.33.0', revision: '2c6aaad03a'
System info: os.name: 'Mac OS X', os.arch: 'x86_64', os.version: '15.5', java.version: '21.0.7'
Driver info: driver.version: unknown
at org.openqa.selenium.support.ui.Select.setSelectedByIndex(Select.java:407)
at org.openqa.selenium.support.ui.Select.selectByIndex(Select.java:262)
at ritikyadav.pageobjects.BookingTickets.SelectCurrencyForError(BookingTickets.java:96)
at Booking.BookingCode.BookFlightScriptUsingWaits.ErrorValidation(BookFlightScriptUsingWaits.java:29)
at java.base/java.util.ArrayList.forEach(ArrayList.java:1596)
... Removed 25 stack frames]]>
    </failure>
  </testcase> <!-- ErrorValidation -->
</testsuite> <!-- Test -->
